0 info it worked if it ends with ok
1 verbose cli [ 'node', '/usr/bin/npm', 'install', '-g', 'yarnpkg' ]
2 info using npm@1.3.6
3 info using node@v0.10.48
4 verbose cache add [ 'yarnpkg', null ]
5 verbose cache add name=undefined spec="yarnpkg" args=["yarnpkg",null]
6 verbose parsed url { protocol: null,
6 verbose parsed url   slashes: null,
6 verbose parsed url   auth: null,
6 verbose parsed url   host: null,
6 verbose parsed url   port: null,
6 verbose parsed url   hostname: null,
6 verbose parsed url   hash: null,
6 verbose parsed url   search: null,
6 verbose parsed url   query: null,
6 verbose parsed url   pathname: 'yarnpkg',
6 verbose parsed url   path: 'yarnpkg',
6 verbose parsed url   href: 'yarnpkg' }
7 silly lockFile 512102f8-yarnpkg yarnpkg
8 verbose lock yarnpkg /root/.npm/512102f8-yarnpkg.lock
9 silly lockFile 512102f8-yarnpkg yarnpkg
10 silly lockFile 512102f8-yarnpkg yarnpkg
11 verbose addNamed [ 'yarnpkg', '' ]
12 verbose addNamed [ null, '*' ]
13 silly lockFile e4f0312c-yarnpkg yarnpkg@
14 verbose lock yarnpkg@ /root/.npm/e4f0312c-yarnpkg.lock
15 silly addNameRange { name: 'yarnpkg', range: '*', hasData: false }
16 verbose url raw yarnpkg
17 verbose url resolving [ 'https://registry.npmjs.org/', './yarnpkg' ]
18 verbose url resolved https://registry.npmjs.org/yarnpkg
19 info trying registry request attempt 1 at 15:07:02
20 http GET https://registry.npmjs.org/yarnpkg
21 info retry will retry, error on last attempt: Error: UNABLE_TO_GET_ISSUER_CERT_LOCALLY
22 info trying registry request attempt 2 at 15:07:12
23 http GET https://registry.npmjs.org/yarnpkg
24 info retry will retry, error on last attempt: Error: UNABLE_TO_GET_ISSUER_CERT_LOCALLY
25 info trying registry request attempt 3 at 15:08:12
26 http GET https://registry.npmjs.org/yarnpkg
27 silly lockFile e4f0312c-yarnpkg yarnpkg@
28 silly lockFile e4f0312c-yarnpkg yarnpkg@
29 error Error: UNABLE_TO_GET_ISSUER_CERT_LOCALLY
29 error     at SecurePair.<anonymous> (tls.js:1430:32)
29 error     at SecurePair.emit (events.js:92:17)
29 error     at SecurePair.maybeInitFinished (tls.js:1029:10)
29 error     at CleartextStream.read [as _read] (tls.js:521:13)
29 error     at CleartextStream.Readable.read (_stream_readable.js:341:10)
29 error     at EncryptedStream.write [as _write] (tls.js:418:25)
29 error     at doWrite (_stream_writable.js:226:10)
29 error     at writeOrBuffer (_stream_writable.js:216:5)
29 error     at EncryptedStream.Writable.write (_stream_writable.js:183:11)
29 error     at write (_stream_readable.js:602:24)
30 error If you need help, you may report this log at:
30 error     <http://github.com/isaacs/npm/issues>
30 error or email it to:
30 error     <npm-@googlegroups.com>
31 error System Linux 4.14.97-74.72.amzn1.x86_64
32 error command "node" "/usr/bin/npm" "install" "-g" "yarnpkg"
33 error cwd /home/ec2-user/environment/a/b/c/d
34 error node -v v0.10.48
35 error npm -v 1.3.6
36 verbose exit [ 1, true ]
